<?xml version="1.0" encoding="UTF-8"?>
<!-- Generated by org.testng.reporters.JUnitReportReporter -->
<testsuite hostname="DESKTOP-AIK3MOU" failures="0" tests="1" name="scripts.TestCase1" time="36.067" errors="0" timestamp="2023-09-06T19:36:27 IST" skipped="0">
  <testcase classname="scripts.TestCase1" name="tc1" time="36.067"/>
</testsuite> <!-- scripts.TestCase1 -->
